c:\projects\first\first\x64\debug\vc143.pdb
c:\projects\first\first\x64\debug\vc143.idb
c:\projects\first\first\x64\debug\main.obj
c:\projects\first\x64\debug\first.exe
c:\projects\first\x64\debug\first.pdb
c:\projects\first\first\x64\debug\first.ilk
c:\projects\cg_project\computer_graphics_project_minion\first\first\x64\debug\main.obj
c:\projects\cg_project\computer_graphics_project_minion\first\first\x64\debug\first.ilk
c:\projects\cg_project\computer_graphics_project_minion\first\first\x64\debug\vc143.idb
c:\projects\cg_project\computer_graphics_project_minion\first\first\x64\debug\vc143.pdb
c:\projects\cg_project\computer_graphics_project_minion\first\x64\debug\first.pdb
c:\projects\cg_project\computer_graphics_project_minion\first\x64\debug\first.exe
c:\projects\cg_project\computer_graphics_project_minion\first\first\x64\debug\first.tlog\cl.command.1.tlog
c:\projects\cg_project\computer_graphics_project_minion\first\first\x64\debug\first.tlog\cl.items.tlog
c:\projects\cg_project\computer_graphics_project_minion\first\first\x64\debug\first.tlog\cl.read.1.tlog
c:\projects\cg_project\computer_graphics_project_minion\first\first\x64\debug\first.tlog\cl.write.1.tlog
c:\projects\cg_project\computer_graphics_project_minion\first\first\x64\debug\first.tlog\link.command.1.tlog
c:\projects\cg_project\computer_graphics_project_minion\first\first\x64\debug\first.tlog\link.read.1.tlog
c:\projects\cg_project\computer_graphics_project_minion\first\first\x64\debug\first.tlog\link.secondary.1.tlog
c:\projects\cg_project\computer_graphics_project_minion\first\first\x64\debug\first.tlog\link.write.1.tlog
